[1.123s] Invoking command in '/home/ahndy/test_ws/src/py_pubsub': PYTHONPATH=/home/ahndy/test_ws/install/py_pubsub/lib/python3.8/site-packages:${PYTHONPATH} /usr/bin/python3 setup.py egg_info --egg-base ../../build/py_pubsub build --build-base /home/ahndy/test_ws/build/py_pubsub/build install --prefix /home/ahndy/test_ws/install/py_pubsub --record /home/ahndy/test_ws/build/py_pubsub/install.log --single-version-externally-managed
[1.536s] running egg_info
[1.551s] writing ../../build/py_pubsub/py_pubsub.egg-info/PKG-INFO
[1.551s] writing dependency_links to ../../build/py_pubsub/py_pubsub.egg-info/dependency_links.txt
[1.551s] writing entry points to ../../build/py_pubsub/py_pubsub.egg-info/entry_points.txt
[1.551s] writing requirements to ../../build/py_pubsub/py_pubsub.egg-info/requires.txt
[1.551s] writing top-level names to ../../build/py_pubsub/py_pubsub.egg-info/top_level.txt
[1.583s] reading manifest file '../../build/py_pubsub/py_pubsub.egg-info/SOURCES.txt'
[1.583s] writing manifest file '../../build/py_pubsub/py_pubsub.egg-info/SOURCES.txt'
[1.583s] running build
[1.583s] running build_py
[1.583s] running install
[1.583s] /home/ahndy/.local/lib/python3.8/site-packages/setuptools/command/install.py:34: SetuptoolsDeprecationWarning: setup.py install is deprecated. Use build and pip and other standards-based tools.
[1.583s]   warnings.warn(
[1.588s] running install_lib
[1.604s] running install_data
[1.629s] running install_egg_info
[1.644s] removing '/home/ahndy/test_ws/install/py_pubsub/lib/python3.8/site-packages/py_pubsub-0.0.0-py3.8.egg-info' (and everything under it)
[1.645s] Copying ../../build/py_pubsub/py_pubsub.egg-info to /home/ahndy/test_ws/install/py_pubsub/lib/python3.8/site-packages/py_pubsub-0.0.0-py3.8.egg-info
[1.645s] running install_scripts
[1.705s] Installing listener script to /home/ahndy/test_ws/install/py_pubsub/lib/py_pubsub
[1.705s] Installing talker script to /home/ahndy/test_ws/install/py_pubsub/lib/py_pubsub
[1.705s] writing list of installed files to '/home/ahndy/test_ws/build/py_pubsub/install.log'
[1.732s] Invoked command in '/home/ahndy/test_ws/src/py_pubsub' returned '0': PYTHONPATH=/home/ahndy/test_ws/install/py_pubsub/lib/python3.8/site-packages:${PYTHONPATH} /usr/bin/python3 setup.py egg_info --egg-base ../../build/py_pubsub build --build-base /home/ahndy/test_ws/build/py_pubsub/build install --prefix /home/ahndy/test_ws/install/py_pubsub --record /home/ahndy/test_ws/build/py_pubsub/install.log --single-version-externally-managed
