[1.071s] Invoking command in '/home/ahndy/test_ws/src/py_pubsub': PYTHONPATH=/home/ahndy/test_ws/install/py_pubsub/lib/python3.8/site-packages:${PYTHONPATH} /usr/bin/python3 setup.py egg_info --egg-base ../../build/py_pubsub build --build-base /home/ahndy/test_ws/build/py_pubsub/build install --prefix /home/ahndy/test_ws/install/py_pubsub --record /home/ahndy/test_ws/build/py_pubsub/install.log --single-version-externally-managed
[1.484s] running egg_info
[1.484s] creating ../../build/py_pubsub/py_pubsub.egg-info
[1.499s] writing ../../build/py_pubsub/py_pubsub.egg-info/PKG-INFO
[1.499s] writing dependency_links to ../../build/py_pubsub/py_pubsub.egg-info/dependency_links.txt
[1.499s] writing entry points to ../../build/py_pubsub/py_pubsub.egg-info/entry_points.txt
[1.499s] writing requirements to ../../build/py_pubsub/py_pubsub.egg-info/requires.txt
[1.499s] writing top-level names to ../../build/py_pubsub/py_pubsub.egg-info/top_level.txt
[1.500s] writing manifest file '../../build/py_pubsub/py_pubsub.egg-info/SOURCES.txt'
[1.531s] reading manifest file '../../build/py_pubsub/py_pubsub.egg-info/SOURCES.txt'
[1.531s] writing manifest file '../../build/py_pubsub/py_pubsub.egg-info/SOURCES.txt'
[1.531s] running build
[1.531s] running build_py
[1.531s] creating /home/ahndy/test_ws/build/py_pubsub/build
[1.531s] creating /home/ahndy/test_ws/build/py_pubsub/build/lib
[1.531s] creating /home/ahndy/test_ws/build/py_pubsub/build/lib/py_pubsub
[1.532s] copying py_pubsub/__init__.py -> /home/ahndy/test_ws/build/py_pubsub/build/lib/py_pubsub
[1.532s] running install
[1.532s] /home/ahndy/.local/lib/python3.8/site-packages/setuptools/command/install.py:34: SetuptoolsDeprecationWarning: setup.py install is deprecated. Use build and pip and other standards-based tools.
[1.532s]   warnings.warn(
[1.536s] running install_lib
[1.551s] creating /home/ahndy/test_ws/install/py_pubsub/lib/python3.8/site-packages/py_pubsub
[1.551s] copying /home/ahndy/test_ws/build/py_pubsub/build/lib/py_pubsub/__init__.py -> /home/ahndy/test_ws/install/py_pubsub/lib/python3.8/site-packages/py_pubsub
[1.552s] byte-compiling /home/ahndy/test_ws/install/py_pubsub/lib/python3.8/site-packages/py_pubsub/__init__.py to __init__.cpython-38.pyc
[1.552s] running install_data
[1.577s] creating /home/ahndy/test_ws/install/py_pubsub/share/ament_index
[1.577s] creating /home/ahndy/test_ws/install/py_pubsub/share/ament_index/resource_index
[1.577s] creating /home/ahndy/test_ws/install/py_pubsub/share/ament_index/resource_index/packages
[1.577s] copying resource/py_pubsub -> /home/ahndy/test_ws/install/py_pubsub/share/ament_index/resource_index/packages
[1.577s] copying package.xml -> /home/ahndy/test_ws/install/py_pubsub/share/py_pubsub
[1.577s] running install_egg_info
[1.594s] Copying ../../build/py_pubsub/py_pubsub.egg-info to /home/ahndy/test_ws/install/py_pubsub/lib/python3.8/site-packages/py_pubsub-0.0.0-py3.8.egg-info
[1.595s] running install_scripts
[1.653s] Installing listener script to /home/ahndy/test_ws/install/py_pubsub/lib/py_pubsub
[1.653s] Installing talker script to /home/ahndy/test_ws/install/py_pubsub/lib/py_pubsub
[1.653s] writing list of installed files to '/home/ahndy/test_ws/build/py_pubsub/install.log'
[1.682s] Invoked command in '/home/ahndy/test_ws/src/py_pubsub' returned '0': PYTHONPATH=/home/ahndy/test_ws/install/py_pubsub/lib/python3.8/site-packages:${PYTHONPATH} /usr/bin/python3 setup.py egg_info --egg-base ../../build/py_pubsub build --build-base /home/ahndy/test_ws/build/py_pubsub/build install --prefix /home/ahndy/test_ws/install/py_pubsub --record /home/ahndy/test_ws/build/py_pubsub/install.log --single-version-externally-managed
