[0.665s] Invoking command in '/home/ahndy/test_ws/src/py_pubsub': PYTHONPATH=/home/ahndy/test_ws/install/py_pubsub/lib/python3.8/site-packages:${PYTHONPATH} /usr/bin/python3 setup.py egg_info --egg-base ../../build/py_pubsub build --build-base /home/ahndy/test_ws/build/py_pubsub/build install --prefix /home/ahndy/test_ws/install/py_pubsub --record /home/ahndy/test_ws/build/py_pubsub/install.log --single-version-externally-managed
[0.893s] running egg_info
[0.901s] writing ../../build/py_pubsub/py_pubsub.egg-info/PKG-INFO
[0.901s] writing dependency_links to ../../build/py_pubsub/py_pubsub.egg-info/dependency_links.txt
[0.901s] writing entry points to ../../build/py_pubsub/py_pubsub.egg-info/entry_points.txt
[0.901s] writing requirements to ../../build/py_pubsub/py_pubsub.egg-info/requires.txt
[0.901s] writing top-level names to ../../build/py_pubsub/py_pubsub.egg-info/top_level.txt
[0.916s] reading manifest file '../../build/py_pubsub/py_pubsub.egg-info/SOURCES.txt'
[0.916s] writing manifest file '../../build/py_pubsub/py_pubsub.egg-info/SOURCES.txt'
[0.916s] running build
[0.916s] running build_py
[0.917s] running install
[0.917s] /home/ahndy/.local/lib/python3.8/site-packages/setuptools/command/install.py:34: SetuptoolsDeprecationWarning: setup.py install is deprecated. Use build and pip and other standards-based tools.
[0.917s]   warnings.warn(
[0.920s] running install_lib
[0.928s] running install_data
[0.934s] running install_egg_info
[0.942s] removing '/home/ahndy/test_ws/install/py_pubsub/lib/python3.8/site-packages/py_pubsub-0.0.0-py3.8.egg-info' (and everything under it)
[0.942s] Copying ../../build/py_pubsub/py_pubsub.egg-info to /home/ahndy/test_ws/install/py_pubsub/lib/python3.8/site-packages/py_pubsub-0.0.0-py3.8.egg-info
[0.942s] running install_scripts
[0.981s] Installing listener script to /home/ahndy/test_ws/install/py_pubsub/lib/py_pubsub
[0.981s] Installing talker script to /home/ahndy/test_ws/install/py_pubsub/lib/py_pubsub
[0.982s] writing list of installed files to '/home/ahndy/test_ws/build/py_pubsub/install.log'
[1.013s] Invoked command in '/home/ahndy/test_ws/src/py_pubsub' returned '0': PYTHONPATH=/home/ahndy/test_ws/install/py_pubsub/lib/python3.8/site-packages:${PYTHONPATH} /usr/bin/python3 setup.py egg_info --egg-base ../../build/py_pubsub build --build-base /home/ahndy/test_ws/build/py_pubsub/build install --prefix /home/ahndy/test_ws/install/py_pubsub --record /home/ahndy/test_ws/build/py_pubsub/install.log --single-version-externally-managed
