[1.391s] Invoking command in '/home/ahndy/test_ws/src/py_pubsub': PYTHONPATH=/home/ahndy/test_ws/install/py_pubsub/lib/python3.8/site-packages:${PYTHONPATH} /usr/bin/python3 setup.py egg_info --egg-base ../../build/py_pubsub build --build-base /home/ahndy/test_ws/build/py_pubsub/build install --prefix /home/ahndy/test_ws/install/py_pubsub --record /home/ahndy/test_ws/build/py_pubsub/install.log --single-version-externally-managed
[1.986s] running egg_info
[2.009s] writing ../../build/py_pubsub/py_pubsub.egg-info/PKG-INFO
[2.009s] writing dependency_links to ../../build/py_pubsub/py_pubsub.egg-info/dependency_links.txt
[2.009s] writing entry points to ../../build/py_pubsub/py_pubsub.egg-info/entry_points.txt
[2.009s] writing requirements to ../../build/py_pubsub/py_pubsub.egg-info/requires.txt
[2.009s] writing top-level names to ../../build/py_pubsub/py_pubsub.egg-info/top_level.txt
[2.058s] reading manifest file '../../build/py_pubsub/py_pubsub.egg-info/SOURCES.txt'
[2.058s] writing manifest file '../../build/py_pubsub/py_pubsub.egg-info/SOURCES.txt'
[2.058s] running build
[2.058s] running build_py
[2.058s] copying py_pubsub/__init__.py -> /home/ahndy/test_ws/build/py_pubsub/build/lib/py_pubsub
[2.058s] copying py_pubsub/publisher_member_function.py -> /home/ahndy/test_ws/build/py_pubsub/build/lib/py_pubsub
[2.058s] copying py_pubsub/subscriber_member_function.py -> /home/ahndy/test_ws/build/py_pubsub/build/lib/py_pubsub
[2.058s] running install
[2.058s] /home/ahndy/.local/lib/python3.8/site-packages/setuptools/command/install.py:34: SetuptoolsDeprecationWarning: setup.py install is deprecated. Use build and pip and other standards-based tools.
[2.058s]   warnings.warn(
[2.067s] running install_lib
[2.092s] copying /home/ahndy/test_ws/build/py_pubsub/build/lib/py_pubsub/__init__.py -> /home/ahndy/test_ws/install/py_pubsub/lib/python3.8/site-packages/py_pubsub
[2.092s] copying /home/ahndy/test_ws/build/py_pubsub/build/lib/py_pubsub/publisher_member_function.py -> /home/ahndy/test_ws/install/py_pubsub/lib/python3.8/site-packages/py_pubsub
[2.092s] copying /home/ahndy/test_ws/build/py_pubsub/build/lib/py_pubsub/subscriber_member_function.py -> /home/ahndy/test_ws/install/py_pubsub/lib/python3.8/site-packages/py_pubsub
[2.097s] byte-compiling /home/ahndy/test_ws/install/py_pubsub/lib/python3.8/site-packages/py_pubsub/__init__.py to __init__.cpython-38.pyc
[2.097s] byte-compiling /home/ahndy/test_ws/install/py_pubsub/lib/python3.8/site-packages/py_pubsub/publisher_member_function.py to publisher_member_function.cpython-38.pyc
[2.097s] byte-compiling /home/ahndy/test_ws/install/py_pubsub/lib/python3.8/site-packages/py_pubsub/subscriber_member_function.py to subscriber_member_function.cpython-38.pyc
[2.097s] running install_data
[2.136s] copying resource/py_pubsub -> /home/ahndy/test_ws/install/py_pubsub/share/ament_index/resource_index/packages
[2.136s] copying package.xml -> /home/ahndy/test_ws/install/py_pubsub/share/py_pubsub
[2.136s] running install_egg_info
[2.161s] removing '/home/ahndy/test_ws/install/py_pubsub/lib/python3.8/site-packages/py_pubsub-0.0.0-py3.8.egg-info' (and everything under it)
[2.161s] Copying ../../build/py_pubsub/py_pubsub.egg-info to /home/ahndy/test_ws/install/py_pubsub/lib/python3.8/site-packages/py_pubsub-0.0.0-py3.8.egg-info
[2.161s] running install_scripts
[2.251s] Installing listener script to /home/ahndy/test_ws/install/py_pubsub/lib/py_pubsub
[2.251s] Installing talker script to /home/ahndy/test_ws/install/py_pubsub/lib/py_pubsub
[2.251s] writing list of installed files to '/home/ahndy/test_ws/build/py_pubsub/install.log'
[2.287s] Invoked command in '/home/ahndy/test_ws/src/py_pubsub' returned '0': PYTHONPATH=/home/ahndy/test_ws/install/py_pubsub/lib/python3.8/site-packages:${PYTHONPATH} /usr/bin/python3 setup.py egg_info --egg-base ../../build/py_pubsub build --build-base /home/ahndy/test_ws/build/py_pubsub/build install --prefix /home/ahndy/test_ws/install/py_pubsub --record /home/ahndy/test_ws/build/py_pubsub/install.log --single-version-externally-managed
